<?xml version="1.0" encoding="utf-8"?><testsuites name="pytest tests"><testsuite name="pytest" errors="0" failures="0" skipped="0" tests="15" time="4.990" timestamp="2026-07-01T18:19:27.783099+03:00" hostname="BOG-LAPTOP"><testcase classname="tests.test_functional" name="test_tc01_registration_enforces_password_length" time="0.002" /><testcase classname="tests.test_functional" name="test_tc02_etoro_portfolio_returns_positions" time="0.020" /><testcase classname="tests.test_functional" name="test_tc03_market_quote" time="0.005" /><testcase classname="tests.test_functional" name="test_tc04_transaction_categorization[-Kaufland SRL-Food &amp; Groceries]" time="0.001" /><testcase classname="tests.test_functional" name="test_tc04_transaction_categorization[Plata la statia OMV--Transport]" time="0.001" /><testcase classname="tests.test_functional" name="test_tc04_transaction_categorization[-Orange Romania SA-Utilities]" time="0.001" /><testcase classname="tests.test_functional" name="test_tc04_transaction_categorization[-KFC Baneasa-Dining]" time="0.001" /><testcase classname="tests.test_functional" name="test_tc04_transaction_categorization[-eMAG.ro-Shopping]" time="0.001" /><testcase classname="tests.test_functional" name="test_tc04_transaction_categorization[-Farmacia Catena-Health]" time="0.001" /><testcase classname="tests.test_functional" name="test_tc04_transaction_categorization[Adobe Creative Cloud--Subscriptions]" time="0.002" /><testcase classname="tests.test_functional" name="test_tc04_transaction_categorization[plata necunoscuta xyz--Other]" time="0.001" /><testcase classname="tests.test_functional" name="test_tc05_recurring_detection" time="0.001" /><testcase classname="tests.test_functional" name="test_tc06_anomaly_detection_flags_injected_anomaly" time="0.152" /><testcase classname="tests.test_functional" name="test_tc07_agent_exposes_expected_mcp_tools" time="4.491" /><testcase classname="tests.test_functional" name="test_tc08_spending_summary_and_budget_overrun" time="0.001" /></testsuite></testsuites>